src/components/banking/bank-account-form.tsx(68,59): error TS2741: Property 'name' is missing in type '{ accountNumber: string; accountType: "CHECKING" | "OTHER" | "SAVINGS" | "CASH" | "CREDIT_CARD"; currency: string; openingBalance: number; isActive: boolean; accountName: string; bankName?: string | undefined; }' but required in type '{ name: string; accountNumber: string; accountType: string; currency: string; openingBalance: number; isActive: boolean; }'.
src/components/banking/bank-account-form.tsx(70,41): error TS2345: Argument of type '{ accountNumber: string; accountType: "CHECKING" | "OTHER" | "SAVINGS" | "CASH" | "CREDIT_CARD"; currency: string; openingBalance: number; isActive: boolean; accountName: string; bankName?: string | undefined; }' is not assignable to parameter of type '{ name: string; accountNumber: string; accountType: string; currency: string; openingBalance: number; isActive: boolean; }'.
  Property 'name' is missing in type '{ accountNumber: string; accountType: "CHECKING" | "OTHER" | "SAVINGS" | "CASH" | "CREDIT_CARD"; currency: string; openingBalance: number; isActive: boolean; accountName: string; bankName?: string | undefined; }' but required in type '{ name: string; accountNumber: string; accountType: string; currency: string; openingBalance: number; isActive: boolean; }'.
src/components/banking/bank-account-list.tsx(41,9): error TS2561: Object literal may only specify known properties, but 'accountName' does not exist in type '{ name: string; accountNumber: string; accountType: string; currency: string; openingBalance: number; isActive: boolean; }'. Did you mean to write 'accountNumber'?
src/components/inventory/assembly-form.tsx(34,7): error TS2353: Object literal may only specify known properties, and 'items' does not exist in type 'AsyncDefaultValues<{ name: string; itemId: string; yieldQuantity: number; components: { itemId: string; quantity: number; }[]; description?: string | undefined; }> | { ...; }'.
src/components/inventory/assembly-form.tsx(42,5): error TS2322: Type '"items"' is not assignable to type '"components"'.
src/components/inventory/assembly-form.tsx(67,39): error TS2345: Argument of type '(data: AssemblyFormValues) => Promise<void>' is not assignable to parameter of type 'SubmitHandler<TFieldValues>'.
  Types of parameters 'data' and 'data' are incompatible.
    Type 'TFieldValues' is not assignable to type '{ name: string; itemId: string; yieldQuantity: number; components: { itemId: string; quantity: number; }[]; description?: string | undefined; }'.
      Type 'FieldValues' is missing the following properties from type '{ name: string; itemId: string; yieldQuantity: number; components: { itemId: string; quantity: number; }[]; description?: string | undefined; }': name, itemId, yieldQuantity, components
src/components/inventory/assembly-form.tsx(141,63): error TS2345: Argument of type '`items.${number}.itemId`' is not assignable to parameter of type '"name" | "description" | "itemId" | "yieldQuantity" | "components" | `components.${number}` | `components.${number}.itemId` | `components.${number}.quantity`'.
src/components/inventory/assembly-form.tsx(142,25): error TS2322: Type 'readonly (string | number | { itemId: string; quantity: number; } | { itemId: string; quantity: number; }[] | undefined)[]' is not assignable to type 'string'.
src/components/inventory/assembly-form.tsx(142,50): error TS2769: No overload matches this call.
  Overload 1 of 4, '(names: readonly ("name" | "description" | "itemId" | "yieldQuantity" | "components" | `components.${number}` | `components.${number}.itemId` | `components.${number}.quantity`)[], defaultValue?: { name?: string | undefined; itemId?: string | undefined; yieldQuantity?: number | undefined; components?: ({ ...; } | undefined)[] | undefined; description?: string | undefined; } | undefined): readonly (string | ... 3 more ... | undefined)[]', gave the following error.
    Argument of type 'string' is not assignable to parameter of type 'readonly ("name" | "description" | "itemId" | "yieldQuantity" | "components" | `components.${number}` | `components.${number}.itemId` | `components.${number}.quantity`)[]'.
  Overload 2 of 4, '(name: "name" | "description" | "itemId" | "yieldQuantity" | "components" | `components.${number}` | `components.${number}.itemId` | `components.${number}.quantity`, defaultValue?: string | number | { itemId: string; quantity: number; } | { itemId: string; quantity: number; }[] | undefined): string | ... 3 more ... | undefined', gave the following error.
    Argument of type '`items.${number}.itemId`' is not assignable to parameter of type '"name" | "description" | "itemId" | "yieldQuantity" | "components" | `components.${number}` | `components.${number}.itemId` | `components.${number}.quantity`'.
  Overload 3 of 4, '(callback: WatchObserver<{ name: string; itemId: string; yieldQuantity: number; components: { itemId: string; quantity: number; }[]; description?: string | undefined; }>, defaultValues?: { ...; } | undefined): Subscription', gave the following error.
    Argument of type 'string' is not assignable to parameter of type 'WatchObserver<{ name: string; itemId: string; yieldQuantity: number; components: { itemId: string; quantity: number; }[]; description?: string | undefined; }>'.
src/components/inventory/assembly-form.tsx(157,44): error TS2345: Argument of type '`items.${number}.quantity`' is not assignable to parameter of type '"name" | "description" | "itemId" | "yieldQuantity" | "components" | `components.${number}` | `components.${number}.itemId` | `components.${number}.quantity`'.
src/components/inventory/assembly-form.tsx(175,33): error TS2339: Property 'items' does not exist on type 'FieldErrors<{ name: string; itemId: string; yieldQuantity: number; components: { itemId: string; quantity: number; }[]; description?: string | undefined; }>'.
src/components/inventory/assembly-form.tsx(176,72): error TS2339: Property 'items' does not exist on type 'FieldErrors<{ name: string; itemId: string; yieldQuantity: number; components: { itemId: string; quantity: number; }[]; description?: string | undefined; }>'.
src/components/invoices/invoice-pdf-download.tsx(42,38): error TS2339: Property 'data' does not exist on type '{ success: boolean; error: string; }'.
src/components/invoices/invoice-pdf-download.tsx(47,55): error TS2339: Property 'data' does not exist on type '{ success: boolean; error: string; }'.
src/components/invoices/invoice-pdf-download.tsx(178,38): error TS2339: Property 'data' does not exist on type '{ success: boolean; error: string; }'.
src/components/invoices/invoice-pdf-download.tsx(182,55): error TS2339: Property 'data' does not exist on type '{ success: boolean; error: string; }'.
src/components/invoices/invoice-table.tsx(71,22): error TS2339: Property 'error' does not exist on type '{ success: boolean; }'.
src/components/invoices/invoice-table.tsx(88,22): error TS2339: Property 'error' does not exist on type '{ success: boolean; }'.
src/components/invoices/invoice-table.tsx(106,25): error TS2339: Property 'data' does not exist on type '{ success: boolean; error: string; }'.
src/components/invoices/invoice-table.tsx(107,52): error TS2339: Property 'data' does not exist on type '{ success: boolean; error: string; }'.
src/components/invoices/invoice-table.tsx(122,38): error TS2339: Property 'data' does not exist on type '{ success: boolean; error: string; }'.
src/components/invoices/invoice-table.tsx(126,55): error TS2339: Property 'data' does not exist on type '{ success: boolean; error: string; }'.
src/components/invoices/invoice-table.tsx(146,38): error TS2339: Property 'data' does not exist on type '{ success: boolean; error: string; }'.
src/components/invoices/invoice-table.tsx(150,55): error TS2339: Property 'data' does not exist on type '{ success: boolean; error: string; }'.
src/hooks/use-employees.ts(30,32): error TS2339: Property 'error' does not exist on type '{ success: boolean; data: any[]; }'.
src/hooks/use-import-export.ts(187,32): error TS2339: Property 'error' does not exist on type '{ success: boolean; data: string; }'.
src/hooks/use-payments.ts(34,40): error TS2554: Expected 0 arguments, but got 1.
src/hooks/use-payments.ts(36,32): error TS2339: Property 'error' does not exist on type '{ success: boolean; data: any[]; }'.
src/hooks/use-reports.ts(17,51): error TS2339: Property 'error' does not exist on type '{ success: boolean; data: any[]; }'.
src/lib/customer-utils.ts(33,33): error TS2339: Property 'query' does not exist on type '{}'.
src/pages/dashboard/Inventory.tsx(70,25): error TS2339: Property 'lowStockCount' does not exist on type '{ totalItems: number; lowStockItems: number; totalValue: number; }'.
src/pages/dashboard/Inventory.tsx(84,25): error TS2339: Property 'outOfStockCount' does not exist on type '{ totalItems: number; lowStockItems: number; totalValue: number; }'.
src/pages/dashboard/inventory/Assemblies.tsx(29,11): error TS2322: Type '{ assemblies: never[]; isLoading: boolean; }' is not assignable to type 'IntrinsicAttributes & AssemblyListProps'.
  Property 'isLoading' does not exist on type 'IntrinsicAttributes & AssemblyListProps'.
src/pages/dashboard/Invoices.tsx(99,25): error TS2322: Type 'InvoiceWithCustomer[]' is not assignable to type 'Invoice[]'.
  Type 'InvoiceWithCustomer' is not assignable to type 'Invoice'.
    Types of property 'date' are incompatible.
      Type 'string' is not assignable to type 'Date'.
src/services/banking-service.ts(86,28): error TS2551: Property 'accountName' does not exist on type '{ name: string; accountNumber: string; accountType: string; currency: string; openingBalance: number; isActive: boolean; }'. Did you mean 'accountNumber'?
src/services/banking-service.ts(88,25): error TS2339: Property 'bankName' does not exist on type '{ name: string; accountNumber: string; accountType: string; currency: string; openingBalance: number; isActive: boolean; }'.
src/services/banking-service.ts(117,28): error TS2551: Property 'accountName' does not exist on type '{ name: string; accountNumber: string; accountType: string; currency: string; openingBalance: number; isActive: boolean; }'. Did you mean 'accountNumber'?
src/services/banking-service.ts(119,25): error TS2339: Property 'bankName' does not exist on type '{ name: string; accountNumber: string; accountType: string; currency: string; openingBalance: number; isActive: boolean; }'.
src/services/banking-service.ts(217,12): error TS2678: Type '"TRANSFER"' is not comparable to type '"DEPOSIT" | "WITHDRAWAL"'.
src/services/banking-service.ts(395,7): error TS2322: Type 'string' is not assignable to type 'Date'.
src/services/banking-service.ts(408,7): error TS2322: Type 'string' is not assignable to type 'Date'.
src/services/customer-service.ts(100,3): error TS2322: Type '{ id: any; companyId: any; customerNumber: any; billingAddress: any; shippingAddress: any; creditLimit: any; taxId: any; isActive: any; customerType: any; paymentTerms: any; contactName: any; discountPercent: any; ... 8 more ...; updatedAt: any; }' is not assignable to type 'SerializedCustomer'.
  Type '{ id: any; companyId: any; customerNumber: any; billingAddress: any; shippingAddress: any; creditLimit: any; taxId: any; isActive: any; customerType: any; paymentTerms: any; contactName: any; discountPercent: any; ... 8 more ...; updatedAt: any; }' is missing the following properties from type 'Omit<{ id: string; name: string; openingBalance: string | null; isActive: boolean; balance: string; email: string | null; phone: string | null; taxId: string | null; notes: string | null; ... 16 more ...; customerSince: Date | null; }, "openingBalance" | ... 2 more ... | "discountPercent">': name, email, phone, notes
